     1                                 %line 1+1 ast8procs.asm
     2                                 
     3                                 
     4                                 
     5                                 
     6                                 
     7                                 
     8                                 
     9                                 
    10                                 
    11                                 
    12                                 
    13                                 
    14                                 
    15                                 
    16                                 
    17                                 
    18                                 
    19                                 
    20                                 
    21                                 
    22                                 
    23                                 
    24                                 
    25                                 
    26                                 
    27                                 
    28                                 
    29                                 
    30                                 
    31                                 [section .data]
    32                                 
    33                                 
    34                                 
    35                                 
    36                                 TRUE equ 1
    37                                 FALSE equ 0
    38                                 
    39                                 
    40                                 
    41                                 
    42 00000000 00000000               h dd 0
    43 00000004 00000000               i dd 0
    44 00000008 00000000               j dd 0
    45 0000000C 00000000               tmp dd 0
    46 00000010 00000000               len dd 0
    47                                 
    48                                 
    49                                 
    50                                 
    51 00000014 0000000000000000       tmpXAve dq 0
    52 0000001C 0000000000000000       tmpYAve dq 0
    53 00000024 0000000000000000       lrNum dq 0
    54 0000002C 0000000000000000       lrDen dq 0
    55                                 
    56                                 
    57                                 
    58                                 [section .bss]
    59                                 
    60                                 
    61                                 
    62                                 
    63 00000000 <gap>                  qSum resq 1
    64 00000008 <gap>                  dSum resd 1
    65                                 
    66                                 
    67                                 
    68                                 
    69                                 [section .text]
    70                                 
    71                                 
    72                                 
    73                                 
    74                                 
    75                                 
    76                                 
    77                                 
    78                                 
    79                                 
    80                                 
    81                                 
    82                                 
    83                                 
    84                                 
    85                                 
    86                                 
    87                                 
    88                                 
    89                                 
    90                                 
    91                                 
    92                                 
    93                                 
    94                                 
    95                                 
    96                                 
    97                                 
    98                                 
    99                                 
   100                                 
   101                                 
   102                                 
   103                                 
   104                                 
   105                                 
   106                                 
   107                                 
   108                                 
   109                                 
   110                                 
   111                                 
   112                                 
   113                                 
   114                                 
   115                                 
   116                                 
   117                                 
   118                                 
   119                                 
   120                                 
   121                                 
   122                                 
   123                                 
   124                                 
   125                                 
   126                                 
   127                                 
   128                                 
   129                                 
   130                                 
   131                                 
   132                                 
   133                                 
   134                                 
   135                                 
   136                                 
   137                                 
   138                                 
   139                                 
   140                                 
   141                                 
   142                                 
   143                                 
   144                                 
   145                                 
   146                                 
   147                                 
   148                                 
   149                                 
   150                                 
   151                                 
   152                                 
   153                                 
   154                                 
   155                                 
   156                                 
   157                                 
   158                                 
   159                                 
   160                                 
   161                                 
   162                                 
   163                                 
   164                                 
   165                                 
   166                                 
   167                                 
   168                                 
   169                                 
   170                                 
   171                                 
   172                                 
   173                                 
   174                                 
   175                                 
   176                                 
   177                                 
   178                                 
   179                                 
   180                                 
   181                                 
   182                                 
   183                                 
   184                                 
   185                                 
   186                                 
   187                                 
   188                                 
   189                                 [global shellSort]
   190                                 shellSort:
   191 00000000 55                     push rbp
   192 00000001 4889E5                 mov rbp, rsp
   193 00000004 4883EC14               sub rsp, 20
   194                                 
   195                                 
   196                                 
   197                                 
   198                                 
   199                                 
   200 00000008 4153                   push r11
   201 0000000A 4154                   push r12
   202 0000000C 4155                   push r13
   203 0000000E 4156                   push r14
   204 00000010 4157                   push r15
   205 00000012 52                     push rdx
   206                                 
   207 00000013 8975F0                 mov dword[rbp - 16], esi
   208                                 
   209                                 
   210 00000016 C7450001000000         mov dword[rbp - 0], 1
   211                                 
   212                                 
   213                                 
   214                                 
   215                                 whileLp1:
   216 0000001D 8B4500                  mov eax, dword[rbp - 0]
   217 00000020 49C7C603000000          mov r14, 3
   218 00000027 41F7EE                  imul r14d
   219 0000002A 48FFC0                  inc rax
   220 0000002D 3B45F0                  cmp eax, dword[rbp - 16]
   221 00000030 7F03                    jg whileLp2
   222 00000032 894500                  mov dword[rbp - 0], eax
   223 00000035 EBE4                    jmp whileLp1
   224                                 
   225                                 whileLp2:
   226                                 
   227                                 
   228                                 
   229 00000037 448B5500                mov r10d, dword[rbp - 0]
   230 0000003B 49FFCA                  dec r10
   231 0000003E 448955FC                mov dword[rbp - 4], r10d
   232                                  forLp1:
   233 00000042 49C7C600000000          mov r14, 0
   234 00000049 448B75FC                mov r14d, dword[rbp - 4]
   235 0000004D 443B75F0                cmp r14d, dword[rbp - 16]
   236 00000051 7D49                    jge divH
   237                                 
   238                                 
   239 00000053 4E631CB7                movsxd r11, dword[rdi + (r14 * 4)]
   240 00000057 44895DF4                mov dword[rbp - 12], r11d
   241                                 
   242 0000005B 448975F8                mov dword[rbp - 8], r14d
   243                                 
   244                                 
   245                                  forLp2:
   246 0000005F 49C7C600000000          mov r14, 0
   247 00000066 448B75F8                mov r14d, dword[rbp - 8]
   248 0000006A 443B7500                cmp r14d, dword[rbp - 0]
   249 0000006E 7C1A                    jl breakForLp2
   250                                 
   251 00000070 442B7500                sub r14d, dword[rbp - 0]
   252 00000074 468B24B7                mov r12d, dword[rdi + (r14 * 4)]
   253 00000078 443B65F4                cmp r12d, dword[rbp - 12]
   254 0000007C 7E0C                    jle breakForLp2
   255                                 
   256                                 
   257 0000007E 448B6DF8                mov r13d, dword[rbp - 8]
   258 00000082 468924AF                mov dword[rdi + r13 * 4], r12d
   259                                 
   260                                 
   261 00000086 448975F8                mov dword[rbp - 8], r14d
   262 0000008A EBD1                    jmp forLp2
   263                                 
   264                                 
   265                                  breakForLp2:
   266                                 
   267                                 
   268 0000008C 4C635DF4                movsxd r11, dword[rbp - 12]
   269 00000090 448B75F8                mov r14d, dword[rbp - 8]
   270 00000094 46891CB7                mov dword[rdi + r14*4], r11d
   271                                 
   272 00000098 8345FC01                add dword[rbp - 4], 1
   273 0000009C EBA2                    jmp forLp1
   274                                 
   275                                 
   276                                 divH:
   277                                 
   278 0000009E 48C7C000000000         mov rax, 0
   279 000000A5 48C7C200000000         mov rdx, 0
   280 000000AC 8B4500                 mov eax, dword[rbp - 0]
   281 000000AF 49C7C703000000         mov r15, 3
   282 000000B6 41F7FF                 idiv r15d
   283 000000B9 894500                 mov dword[rbp - 0], eax
   284                                 
   285                                 
   286 000000BC 83F800                 cmp eax, 0
   287 000000BF 0F8F6CFFFFFF           jg whileLp2
   288                                 
   289                                 
   290                                 
   291 000000C5 5A                     pop rdx
   292 000000C6 415F                   pop r15
   293 000000C8 415E                   pop r14
   294 000000CA 415D                   pop r13
   295 000000CC 415C                   pop r12
   296 000000CE 415B                   pop r11
   297                                 
   298 000000D0 4889EC                 mov rsp, rbp
   299 000000D3 5D                     pop rbp
   300 000000D4 C3                     ret
   301                                 
   302                                 
   303                                 
   304                                 
   305                                 
   306                                 
   307                                 
   308                                 
   309                                 
   310                                 
   311                                 
   312                                 
   313                                 
   314                                 
   315                                 
   316                                 
   317                                 
   318                                 
   319                                 
   320                                 
   321                                 
   322                                 
   323                                 
   324                                 
   325                                 
   326                                 
   327                                 
   328                                 
   329                                 
   330                                 
   331                                 
   332                                 [global basicStats]
   333                                 basicStats:
   334                                 
   335 000000D5 50                     push rax
   336 000000D6 E868000000             call lstSum
   337 000000DB 418901                 mov dword[r9], eax
   338 000000DE 58                     pop rax
   339                                 
   340                                 
   341 000000DF 50                     push rax
   342 000000E0 E886000000             call lstAve
   343 000000E5 4189C1                 mov r9d, eax
   344 000000E8 58                     pop rax
   345 000000E9 448908                 mov dword[rax], r9d
   346                                 
   347                                 
   348 000000EC 4C6317                 movsxd r10, dword[rdi]
   349 000000EF 4D0110                 add qword[r8], r10
   350                                 
   351                                 
   352 000000F2 4989F3                 mov r11, rsi
   353 000000F5 49FFCB                 dec r11
   354 000000F8 4E63149F               movsxd r10, dword[rdi + (r11 * 4)]
   355 000000FC 4C0112                 add qword[rdx], r10
   356                                 
   357                                 
   358 000000FF 50                     push rax
   359 00000100 52                     push rdx
   360                                 
   361 00000101 48C7C200000000         mov rdx, 0
   362 00000108 4889F0                 mov rax, rsi
   363 0000010B 49C7C302000000         mov r11, 2
   364 00000112 49F7FB                 idiv r11
   365 00000115 4883FA00               cmp rdx, 0
   366 00000119 7407                   je evenList
   367                                 
   368 0000011B 4C631487               movsxd r10, dword[rdi + (rax * 4)]
   369 0000011F 448911                 mov dword[rcx], r10d
   370 00000122 EB1F                   jmp medDone
   371                                 
   372                                 evenList:
   373 00000124 4989C2                 mov r10, rax
   374 00000127 4A630497               movsxd rax, dword[rdi + (r10 * 4)]
   375 0000012B 49FFCA                 dec r10
   376 0000012E 42030497               add eax, dword[rdi + (r10 * 4)]
   377 00000132 49C7C202000000         mov r10, 2
   378 00000139 48C7C200000000         mov rdx, 0
   379 00000140 41F7FA                 idiv r10d
   380 00000143 8901                   mov dword[rcx], eax
   381                                 
   382                                 medDone:
   383 00000145 5A                     pop rdx
   384 00000146 58                     pop rax
   385                                 
   386 00000147 C3                     ret
   387                                 
   388                                 
   389                                 
   390                                 
   391                                 
   392                                 
   393                                 
   394                                 
   395                                 
   396                                 
   397                                 
   398                                 
   399                                 
   400                                 
   401                                 
   402                                 
   403                                 [global lstSum]
   404                                 lstSum:
   405 00000148 51                     push rcx
   406 00000149 4152                   push r10
   407 0000014B 4153                   push r11
   408                                 
   409 0000014D 48C7C000000000         mov rax, 0
   410                                 
   411 00000154 89F1                   mov ecx, esi
   412 00000156 49C7C200000000         mov r10, 0
   413                                 
   414                                 lpSum:
   415 0000015D 4E631C17                movsxd r11, dword[rdi + r10]
   416 00000161 4983C204                add r10, 4
   417 00000165 4401D8                  add eax, r11d
   418 00000168 E2F1                    loop lpSum
   419                                 
   420 0000016A 415B                   pop r11
   421 0000016C 415A                   pop r10
   422 0000016E 59                     pop rcx
   423                                 
   424 0000016F C3                     ret
   425                                 
   426                                 
   427                                 
   428                                 
   429                                 
   430                                 
   431                                 
   432                                 
   433                                 
   434                                 
   435                                 
   436                                 
   437                                 
   438                                 
   439                                 
   440                                 
   441                                 
   442                                 [global lstAve]
   443                                 lstAve:
   444 00000170 52                     push rdx
   445 00000171 4154                   push r12
   446 00000173 4155                   push r13
   447                                 
   448 00000175 50                     push rax
   449 00000176 E8C8FFFFFF             call lstSum
   450 0000017B 48C7C200000000         mov rdx, 0
   451 00000182 4C63E6                 movsxd r12, esi
   452 00000185 41F7FC                 idiv r12d
   453 00000188 4189C5                 mov r13d, eax
   454 0000018B 58                     pop rax
   455                                 
   456 0000018C 4489E8                 mov eax, r13d
   457                                 
   458 0000018F 415D                   pop r13
   459 00000191 415C                   pop r12
   460 00000193 5A                     pop rdx
   461 00000194 C3                     ret
   462                                 
   463                                 
   464                                 
   465                                 
   466                                 
   467                                 
   468                                 
   469                                 
   470                                 
   471                                 
   472                                 
   473                                 
   474                                 
   475                                 
   476                                 
   477                                 
   478                                 
   479                                 
   480                                 
   481                                 
   482                                 
   483                                 
   484                                 
   485                                 [global linearRegression]
   486                                 linearRegression:
   487 00000195 50                     push rax
   488                                 
   489                                 
   490 00000196 48C70425[00000000]-    mov qword[tmpXAve], 0
   491 00000196 00000000           
   492 000001A2 48C70425[00000000]-    mov qword[tmpYAve], 0
   493 000001A2 00000000           
   494 000001AE 48C70425[00000000]-    mov qword[lrDen], 0
   495 000001AE 00000000           
   496 000001BA 48C70425[00000000]-    mov qword[lrNum], 0
   497 000001BA 00000000           
   498                                 
   499 000001C6 890C25[00000000]       mov dword[tmpXAve], ecx
   500 000001CD 44890425[00000000]     mov dword[tmpYAve], r8d
   501                                 
   502 000001D5 89D1                   mov ecx, edx
   503 000001D7 48FFC9                 dec rcx
   504                                 
   505                                 b1Lp:
   506                                 
   507 000001DA 4863048F               movsxd rax, dword[rdi + rcx * 4]
   508 000001DE 482B0425[00000000]     sub rax, qword[tmpXAve]
   509 000001E6 F7E8                   imul eax
   510 000001E8 010425[00000000]       add dword[lrDen], eax
   511                                 
   512                                 
   513                                 
   514 000001EF 4863048F               movsxd rax, dword[rdi + rcx * 4]
   515 000001F3 482B0425[00000000]     sub rax, qword[tmpXAve]
   516                                 
   517 000001FB 4C631C8E               movsxd r11, dword[rsi + rcx * 4]
   518 000001FF 4C2B1C25[00000000]     sub r11, qword[tmpYAve]
   519                                 
   520 00000207 41F7EB                 imul r11d
   521                                 
   522 0000020A 010425[00000000]       add dword[lrNum], eax
   523 00000211 111425[04000000]       adc dword[lrNum + 4], edx
   524                                 
   525 00000218 48FFC9                 dec rcx
   526 0000021B 4883F900               cmp rcx, 0
   527 0000021F 7DB7                   jge b1Lp
   528                                 
   529                                 
   530                                 
   531 00000221 8B0425[00000000]       mov eax, dword[lrNum]
   532 00000228 8B1425[04000000]       mov edx, dword[lrNum + 4]
   533                                 
   534 0000022F F73C25[00000000]       idiv dword[lrDen]
   535                                 
   536 00000236 49C7C300000000         mov r11, 0
   537 0000023D 4189C3                 mov r11d, eax
   538 00000240 58                     pop rax
   539 00000241 448918                 mov dword[rax], r11d
   540                                 
   541                                 
   542 00000244 4489D8                 mov eax, r11d
   543 00000247 F72C25[00000000]       imul dword[tmpXAve]
   544 0000024E 290425[00000000]       sub dword[tmpYAve], eax
   545 00000255 448B1C25[00000000]     mov r11d, dword[tmpYAve]
   546 0000025D 458919                 mov dword[r9], r11d
   547                                 
   548 00000260 C3                     ret
   549                                 
   550                                 
   551                                 
