     1                                 %line 1+1 ast04.asm
     2                                 
     3                                 
     4                                 
     5                                 
     6                                 
     7                                 
     8                                 
     9                                 
    10                                 
    11                                 
    12                                 
    13                                 [section .data]
    14                                 
    15                                 
    16                                 
    17                                 NULL equ 0
    18                                 
    19                                 TRUE equ 1
    20                                 FALSE equ 0
    21                                 
    22                                 EXIT_SUCCESS equ 0
    23                                 SYS_exit equ 60
    24                                 
    25                                 
    26                                 
    27 00000000 801000005C04000006-    lst dd 4224, 1116, 1542, 1240, 1677
    28 00000000 060000D80400008D06-
    29 00000000 0000               
    30 00000014 63060000740900001C-     dd 1635, 2420, 1820, 1246, 1333
    31 00000014 070000DE0400003505-
    32 00000014 0000               
    33 00000028 0B090000BF040000A6-     dd 2315, 1215, 2726, 1140, 2565
    34 00000028 0A000074040000050A-
    35 00000028 0000               
    36 0000003C 370B00004E06000072-     dd 2871, 1614, 2418, 2513, 1422
    37 0000003C 090000D10900008E05-
    38 0000003C 0000               
    39 00000050 5F040000BF040000F5-     dd 1119, 1215, 1525, 1712, 1441
    40 00000050 050000B0060000A105-
    41 00000050 0000               
    42 00000064 260E0000C3060000C1-     dd 3622, 1731, 1729, 1615, 2724
    43 00000064 0600004F060000A40A-
    44 00000064 0000               
    45 00000078 C1040000C80400002C-     dd 1217, 1224, 1580, 1147, 2324
    46 00000078 0600007B0400001409-
    47 00000078 0000               
    48 0000008C 9105000018070000EE-     dd 1425, 1816, 1262, 2718, 1192
    49 0000008C 0400009E0A0000A804-
    50 0000008C 0000               
    51 000000A0 9B050000D3040000CC-     dd 1435, 1235, 2764, 1615, 1310
    52 000000A0 0A00004F0600001E05-
    53 000000A0 0000               
    54 000000B4 E5060000A2070000AF-     dd 1765, 1954, 1967, 1515, 1556
    55 000000B4 070000EB0500001406-
    56 000000B4 0000               
    57 000000C8 3E050000991C000014-     dd 1342, 7321, 1556, 2727, 1227
    58 000000C8 060000A70A0000CB04-
    59 000000C8 0000               
    60 000000DC 8707000066050000B9-     dd 1927, 1382, 1465, 3955, 1435
    61 000000DC 050000730F00009B05-
    62 000000DC 0000               
    63 000000F0 C904000073090000E6-     dd 1225, 2419, 2534, 1345, 2467
    64 000000F0 09000041050000A309-
    65 000000F0 0000               
    66 00000104 4F060000A707000037-     dd 1615, 1959, 1335, 2856, 2553
    67 00000104 050000280B0000F909-
    68 00000104 0000               
    69 00000118 0B04000029070000B8-     dd 1035, 1833, 1464, 1915, 1810
    70 00000118 0500007B0700001207-
    71 00000118 0000               
    72 0000012C B905000012060000F3-     dd 1465, 1554, 1267, 1615, 1656
    73 0000012C 0400004F0600007806-
    74 0000012C 0000               
    75 00000140 900800002107000085-     dd 2192, 1825, 1925, 2312, 1725
    76 00000140 07000008090000BD06-
    77 00000140 0000               
    78 00000154 D5090000DA0500008D-     dd 2517, 1498, 1677, 1475, 2034
    79 00000154 060000C3050000F207-
    80 00000154 0000               
    81 00000168 C70400005B07000095-     dd 1223, 1883, 1173, 1350, 2415
    82 00000168 040000460500006F09-
    83 00000168 0000               
    84 0000017C 37050000650400005E-     dd 1335, 1125, 1118, 1713, 3025
    85 0000017C 040000B1060000D10B-
    86 0000017C 0000               
    87 00000190 64000000               length dd 100
    88                                 
    89 00000194 00000000               lstMin dd 0
    90 00000198 00000000               estMed dd 0
    91 0000019C 00000000               lstMax dd 0
    92 000001A0 00000000               lstSum dd 0
    93 000001A4 00000000               lstAve dd 0
    94                                 
    95 000001A8 00000000               oddCnt dd 0
    96 000001AC 00000000               oddSum dd 0
    97 000001B0 00000000               oddAve dd 0
    98                                 
    99 000001B4 00000000               nineCnt dd 0
   100 000001B8 00000000               nineSum dd 0
   101 000001BC 00000000               nineAve dd 0
   102                                 
   103                                 
   104 000001C0 09000000               nineVal dd 9
   105                                 
   106                                 [section .bss]
   107                                 
   108                                 
   109                                 
   110                                 
   111                                 [section .text]
   112                                 [global _start]
   113                                 _start:
   114                                 
   115                                 
   116                                 
   117                                 
   118                                 
   119 00000000 8B0C25[00000000]       mov ecx, dword[length]
   120 00000007 BB00000000             mov ebx, 0
   121                                 
   122 0000000C C70425[00000000]0F-    mov dword[lstMin], 9999
   123 0000000C 270000             
   124                                 
   125                                 lpMin:
   126 00000017 678B83[00000000]        mov eax, dword[lst + ebx]
   127 0000001E 83C304                  add ebx, 4
   128 00000021 390425[00000000]        cmp dword[lstMin], eax
   129 00000028 7605                    jbe skipMin
   130 0000002A 890425[00000000]        mov dword[lstMin], eax
   131                                 skipMin:
   132 00000031 E2E2                    loop lpMin
   133                                 
   134                                 
   135                                 
   136 00000033 B800000000             mov eax, 0
   137 00000038 BA00000000             mov edx, 0
   138 0000003D B904000000             mov ecx, 4
   139                                 
   140                                 
   141 00000042 8B0425[00000000]       mov eax, dword[length]
   142 00000049 49C7C102000000         mov r9, 2
   143 00000050 41F7F1                 div r9d
   144 00000053 89C6                   mov esi, eax
   145                                 
   146 00000055 8B04B5[00000000]       mov eax, dword[lst + rsi*4]
   147 0000005C 48FFCE                 dec rsi
   148 0000005F 0304B5[00000000]       add eax, dword[lst + rsi*4]
   149                                 
   150                                 
   151                                 
   152                                 
   153                                 
   154 00000066 030425[00000000]       add eax, dword[lst]
   155 0000006D 8B3425[00000000]       mov esi, dword[length]
   156 00000074 48FFCE                 dec rsi
   157 00000077 0304B5[00000000]       add eax, dword[lst + rsi*4]
   158                                 
   159                                 
   160 0000007E F7F1                   div ecx
   161 00000080 890425[00000000]       mov dword[estMed], eax
   162                                 
   163                                 
   164                                 
   165                                 
   166 00000087 8B0C25[00000000]       mov ecx, dword[length]
   167 0000008E BB00000000             mov ebx, 0
   168                                 
   169                                 lpMax:
   170 00000093 678B83[00000000]        mov eax, dword[lst + ebx]
   171 0000009A 83C304                  add ebx, 4
   172 0000009D 390425[00000000]        cmp dword[lstMax], eax
   173 000000A4 7D05                    jge skipMax
   174 000000A6 890425[00000000]        mov dword[lstMax], eax
   175                                 skipMax:
   176 000000AD E2E2                    loop lpMax
   177                                 
   178                                 
   179                                 
   180 000000AF 8B0C25[00000000]       mov ecx, dword[length]
   181 000000B6 BB00000000             mov ebx, 0
   182                                 
   183                                 lpSum:
   184 000000BB 678B83[00000000]        mov eax, dword[lst + ebx]
   185 000000C2 83C304                  add ebx, 4
   186 000000C5 010425[00000000]        add dword[lstSum], eax
   187 000000CC E2EB                    loop lpSum
   188                                 
   189                                 
   190                                 
   191 000000CE B800000000              mov eax, 0
   192 000000D3 BA00000000              mov edx, 0
   193 000000D8 8B0425[00000000]        mov eax, dword[lstSum]
   194 000000DF F73425[00000000]        div dword[length]
   195 000000E6 890425[00000000]        mov dword[lstAve], eax
   196                                 
   197                                 
   198                                 
   199 000000ED 8B0C25[00000000]       mov ecx, dword[length]
   200 000000F4 BB00000000             mov ebx, 0
   201 000000F9 49C7C102000000         mov r9, 2
   202                                 
   203                                 lpOddCnt:
   204 00000100 48C7C200000000          mov rdx, 0
   205 00000107 48C7C000000000          mov rax, 0
   206 0000010E 678B83[00000000]        mov eax, dword[lst + ebx]
   207 00000115 49F7F1                  div r9
   208 00000118 83FA00                  cmp edx, 0
   209 0000011B 7414                    je notOdd
   210 0000011D 830425[00000000]01      add dword[oddCnt], 1
   211 00000125 678B83[00000000]        mov eax, dword[lst + ebx]
   212 0000012C 010425[00000000]        add dword[oddSum], eax
   213                                 
   214                                 notOdd:
   215 00000133 83C304                  add ebx, 4
   216 00000136 E2C6                    loop lpOddCnt
   217                                 
   218                                 
   219 00000138 BA00000000             mov edx, 0
   220 0000013D 8B0425[00000000]       mov eax, dword[oddSum]
   221 00000144 F73425[00000000]       div dword[oddCnt]
   222 0000014B 890425[00000000]       mov dword[oddAve], eax
   223                                 
   224                                 
   225 00000152 8B0C25[00000000]       mov ecx, dword[length]
   226 00000159 B800000000             mov eax, 0
   227 0000015E BA00000000             mov edx, 0
   228 00000163 BB00000000             mov ebx, 0
   229                                 
   230                                 lpNineCnt:
   231 00000168 48C7C200000000          mov rdx, 0
   232 0000016F 48C7C000000000          mov rax, 0
   233 00000176 678B83[00000000]        mov eax, dword[lst + ebx]
   234 0000017D 99                      cdq
   235 0000017E F73C25[00000000]        idiv dword[nineVal]
   236 00000185 83C304                  add ebx, 4
   237 00000188 83FA00                  cmp edx, 0
   238 0000018B 7513                    jne skipNineCnt
   239 0000018D FF0425[00000000]        inc dword[nineCnt]
   240 00000194 678B83[FCFFFFFF]        mov eax, dword[lst + ebx - 4]
   241 0000019B 010425[00000000]        add dword[nineSum], eax
   242                                 skipNineCnt:
   243 000001A2 E2C2                    loop lpNineCnt
   244                                 
   245                                 
   246                                 
   247 000001A4 48C7C200000000         mov rdx, 0
   248 000001AB 48C7C000000000         mov rax, 0
   249 000001B2 8B0425[00000000]       mov eax, dword[nineSum]
   250 000001B9 99                     cdq
   251 000001BA F73C25[00000000]       idiv dword[nineCnt]
   252 000001C1 890425[00000000]       mov dword[nineAve], eax
   253                                 
   254                                 
   255                                 
   256                                 
   257                                 
   258                                 last:
   259 000001C8 48C7C03C000000          mov rax, SYS_exit
   260 000001CF 48C7C700000000          mov rdi, EXIT_SUCCESS
   261 000001D6 0F05                    syscall
